<?xml version="1.0" encoding="UTF-8"?>
<!-- Generated by org.testng.reporters.JUnitReportReporter -->
<testsuite hostname="DESKTOP-LN74GU8" failures="0" tests="1" name="com.rmgyantra.DifferentWaysToPOSTREQ.PostRequestUsingHashMapTest" time="4.531" errors="0" timestamp="2022-02-25T15:46:48 IST" skipped="0">
  <testcase classname="com.rmgyantra.DifferentWaysToPOSTREQ.PostRequestUsingHashMapTest" name="createResourceUsingHashMapTest" time="4.531"/>
  <system-out/>
</testsuite> <!-- com.rmgyantra.DifferentWaysToPOSTREQ.PostRequestUsingHashMapTest -->
