<?xml version="1.0" encoding="UTF-8"?>
<testng-results ignored="1" total="2" passed="1" failed="0" skipped="0">
  <reporter-output>
  </reporter-output>
  <suite started-at="2022-03-18T10:21:16 IST" name="Default suite" finished-at="2022-03-18T10:21:18 IST" duration-ms="2396">
    <groups>
    </groups>
    <test started-at="2022-03-18T10:21:16 IST" name="Default test" finished-at="2022-03-18T10:21:18 IST" duration-ms="2396">
      <class name="com.rmgyantra.creatingresorceUsingframework.CreateResourse">
        <test-method is-config="true" signature="bsConfig()[pri:0, instance:com.rmgyantra.creatingresorceUsingframework.CreateResourse@7bd4937b]" started-at="2022-03-18T10:21:14 IST" name="bsConfig" finished-at="2022-03-18T10:21:16 IST" duration-ms="2017" status="PASS">
          <reporter-output>
          </reporter-output>
        </test-method> <!-- bsConfig -->
        <test-method signature="getesource()[pri:0, instance:com.rmgyantra.creatingresorceUsingframework.CreateResourse@7bd4937b]" started-at="2022-03-18T10:21:16 IST" name="getesource" finished-at="2022-03-18T10:21:18 IST" duration-ms="2330" status="PASS">
          <reporter-output>
          </reporter-output>
        </test-method> <!-- getesource -->
        <test-method is-config="true" signature="asConfi()[pri:0, instance:com.rmgyantra.creatingresorceUsingframework.CreateResourse@7bd4937b]" started-at="2022-03-18T10:21:18 IST" name="asConfi" finished-at="2022-03-18T10:21:18 IST" duration-ms="14" status="PASS">
          <reporter-output>
          </reporter-output>
        </test-method> <!-- asConfi -->
      </class> <!-- com.rmgyantra.creatingresorceUsingframework.CreateResourse -->
    </test> <!-- Default test -->
  </suite> <!-- Default suite -->
</testng-results>
