<?xml version="1.0" encoding="UTF-8"?>
<!-- Generated by org.testng.reporters.JUnitXMLReporter -->
<testsuite ignored="1" hostname="DESKTOP-LN74GU8" failures="0" tests="1" name="Default test" time="2.396" errors="0" timestamp="2022-03-18T10:21:18 IST">
  <testcase classname="com.rmgyantra.creatingresorceUsingframework.CreateResourse" name="getesource" time="2.33"/>
  <testcase classname="com.rmgyantra.creatingresorceUsingframework.CreateResourse" name="create" time="0.0">
    <ignored/>
  </testcase> <!-- create -->
</testsuite> <!-- Default test -->
